\BOOKMARK [0][-]{chapter.1}{Introduction}{}% 1
\BOOKMARK [0][-]{chapter.2}{Theory}{}% 2
\BOOKMARK [1][-]{section.2.1}{Standard Model of Particle Physics}{chapter.2}% 3
\BOOKMARK [2][-]{subsection.2.1.1}{Electroweak Theory}{section.2.1}% 4
\BOOKMARK [2][-]{subsection.2.1.2}{Top Quark}{section.2.1}% 5
\BOOKMARK [1][-]{section.2.2}{tWZ}{chapter.2}% 6
\BOOKMARK [2][-]{subsection.2.2.1}{Tetra-lepton Channel}{section.2.2}% 7
\BOOKMARK [2][-]{subsection.2.2.2}{Comparison to Tri-lepton Channel}{section.2.2}% 8
\BOOKMARK [1][-]{section.2.3}{Effective Field Theory \(EFT\)}{chapter.2}% 9
\BOOKMARK [1][-]{section.2.4}{Machine Learning in the Context of Particle Physics Analyses}{chapter.2}% 10
\BOOKMARK [1][-]{section.2.5}{Statistical Techniques}{chapter.2}% 11
\BOOKMARK [2][-]{subsection.2.5.1}{Maximum Likelihood Fitting}{section.2.5}% 12
\BOOKMARK [2][-]{subsection.2.5.2}{Significance}{section.2.5}% 13
\BOOKMARK [2][-]{subsection.2.5.3}{Limit Setting}{section.2.5}% 14
\BOOKMARK [0][-]{chapter.3}{The ATLAS Detector}{}% 15
\BOOKMARK [1][-]{section.3.1}{Coordinate System and Kinematics}{chapter.3}% 16
\BOOKMARK [1][-]{section.3.2}{Tracking Detectors}{chapter.3}% 17
\BOOKMARK [1][-]{section.3.3}{Calorimeter System}{chapter.3}% 18
\BOOKMARK [2][-]{subsection.3.3.1}{Electromagnetic Calorimeter}{section.3.3}% 19
\BOOKMARK [2][-]{subsection.3.3.2}{Hadronic Calorimeter}{section.3.3}% 20
\BOOKMARK [1][-]{section.3.4}{Muon Spectrometer}{chapter.3}% 21
\BOOKMARK [1][-]{section.3.5}{Trigger and Data Acquisition System}{chapter.3}% 22
\BOOKMARK [0][-]{chapter.4}{Analysis Setup and Strategy}{}% 23
\BOOKMARK [1][-]{section.4.1}{Data and Monte Carlo Simulation}{chapter.4}% 24
\BOOKMARK [2][-]{subsection.4.1.1}{Data Samples}{section.4.1}% 25
\BOOKMARK [2][-]{subsection.4.1.2}{Monte Carlo Samples}{section.4.1}% 26
\BOOKMARK [1][-]{section.4.2}{Object Reconstruction}{chapter.4}% 27
\BOOKMARK [2][-]{subsection.4.2.1}{Leptons}{section.4.2}% 28
\BOOKMARK [2][-]{subsection.4.2.2}{Jets}{section.4.2}% 29
\BOOKMARK [2][-]{subsection.4.2.3}{b-tagging}{section.4.2}% 30
\BOOKMARK [1][-]{section.4.3}{Regions and Event Selection}{chapter.4}% 31
\BOOKMARK [1][-]{section.4.4}{Machine Learning Techniques}{chapter.4}% 32
\BOOKMARK [1][-]{section.4.5}{Fake Lepton Estimation}{chapter.4}% 33
\BOOKMARK [1][-]{section.4.6}{Analysis Framework: TRExFitter}{chapter.4}% 34
\BOOKMARK [0][-]{chapter.5}{Search for tWZ Production}{}% 35
\BOOKMARK [1][-]{section.5.1}{Backgrounds}{chapter.5}% 36
\BOOKMARK [2][-]{subsection.5.1.1}{tbartZ}{section.5.1}% 37
\BOOKMARK [2][-]{subsection.5.1.2}{ZZ}{section.5.1}% 38
\BOOKMARK [2][-]{subsection.5.1.3}{other}{section.5.1}% 39
\BOOKMARK [1][-]{section.5.2}{Control Plots}{chapter.5}% 40
\BOOKMARK [1][-]{section.5.3}{Post-Fit Plots}{chapter.5}% 41
\BOOKMARK [1][-]{section.5.4}{Results}{chapter.5}% 42
\BOOKMARK [0][-]{chapter.6}{Conclusion and Outlook}{}% 43
\BOOKMARK [0][-]{appendix.A}{Appendix}{}% 44
