\BOOKMARK [1][-]{section.1}{Introduction}{}% 1
\BOOKMARK [2][-]{subsection.1.1}{Aims and Objectives}{section.1}% 2
\BOOKMARK [1][-]{section.2}{Relevant Theory}{}% 3
\BOOKMARK [2][-]{subsection.2.1}{Nuclear Half-life \(t12\) }{section.2}% 4
\BOOKMARK [2][-]{subsection.2.2}{Nuclear Activation Reactions}{section.2}% 5
\BOOKMARK [1][-]{section.3}{Reasons for the use of the 16O\(,pn\)18F reaction channel}{}% 6
\BOOKMARK [1][-]{section.4}{A Basic Outline of the PEPT Technique}{}% 7
\BOOKMARK [1][-]{section.5}{Experimental Method}{}% 8
\BOOKMARK [2][-]{subsection.5.1}{Beam Path}{section.5}% 9
\BOOKMARK [2][-]{subsection.5.2}{Detectors and Measurements}{section.5}% 10
\BOOKMARK [3][-]{subsubsection.5.2.1}{NaI Scintillator}{subsection.5.2}% 11
\BOOKMARK [3][-]{subsubsection.5.2.2}{High Purity Germanium Detector \(HPGe\)}{subsection.5.2}% 12
\BOOKMARK [3][-]{subsubsection.5.2.3}{HR++ Ring}{subsection.5.2}% 13
\BOOKMARK [3][-]{subsubsection.5.2.4}{Ionisation Chamber}{subsection.5.2}% 14
\BOOKMARK [3][-]{subsubsection.5.2.5}{Measurements}{subsection.5.2}% 15
\BOOKMARK [2][-]{subsection.5.3}{Glass Beads}{section.5}% 16
\BOOKMARK [1][-]{section.6}{Analysis and Results}{}% 17
\BOOKMARK [2][-]{subsection.6.1}{Half Life Measurements}{section.6}% 18
\BOOKMARK [3][-]{subsubsection.6.1.1}{HR++}{subsection.6.1}% 19
\BOOKMARK [3][-]{subsubsection.6.1.2}{NaI}{subsection.6.1}% 20
\BOOKMARK [2][-]{subsection.6.2}{Spectra}{section.6}% 21
\BOOKMARK [2][-]{subsection.6.3}{Contaminants}{section.6}% 22
\BOOKMARK [2][-]{subsection.6.4}{511keV Photopeak}{section.6}% 23
\BOOKMARK [2][-]{subsection.6.5}{Probable Origin of Contaminants}{section.6}% 24
\BOOKMARK [1][-]{section.7}{Conclusions}{}% 25
\BOOKMARK [1][-]{appendix.A}{Physical and Chemical Characteristics of the Glass Beads}{}% 26
\BOOKMARK [1][-]{appendix.B}{Ionisation Chamber Measured Activities}{}% 27
