This is pdfTeX, Version 3.141592653-2.6-1.40.22 (MiKTeX 21.6) (preloaded format=pdflatex 2021.6.23)  25 AUG 2021 11:05
entering extended mode
**./JPCSLaTeXGuidelines.tex
(JPCSLaTeXGuidelines.tex
LaTeX2e <2021-06-01> patch level 1
L3 programming layer <2021-06-18> (jpconf.cls
Document Class: jpconf 2007/03/07 v1.1 LaTeX class for Journal of Physics: Conf
erence Series
(jpconf11.clo
File: jpconf11.clo 2005/05/04 v1.0 LaTeX2e file (size option)
)
\indentedwidth=\skip47
\mathindent=\dimen138
\c@oldftnote=\count182
\c@section=\count183
\c@subsection=\count184
\c@subsubsection=\count185
\c@paragraph=\count186
\c@subparagraph=\count187
\c@figure=\count188
\c@table=\count189
\abovecaptionskip=\skip48
\belowcaptionskip=\skip49
\bibindent=\dimen139
\c@eqnval=\count190
)
(/home/jake/.miktex/texmfs/install/tex/latex/graphics/graphicx.sty
Package: graphicx 2020/12/05 v1.2c Enhanced LaTeX Graphics (DPC,SPQR)

(/home/jake/.miktex/texmfs/install/tex/latex/graphics/keyval.sty
Package: keyval 2014/10/28 v1.15 key=value parser (DPC)
\KV@toks@=\toks16
)
(/home/jake/.miktex/texmfs/install/tex/latex/graphics/graphics.sty
Package: graphics 2021/03/04 v1.4d Standard LaTeX Graphics (DPC,SPQR)

(/home/jake/.miktex/texmfs/install/tex/latex/graphics/trig.sty
Package: trig 2016/01/03 v1.10 sin cos tan (DPC)
)
(/home/jake/.miktex/texmfs/install/tex/latex/graphics-cfg/graphics.cfg
File: graphics.cfg 2016/06/04 v1.11 sample graphics configuration
)
Package graphics Info: Driver file: pdftex.def on input line 107.

(/home/jake/.miktex/texmfs/install/tex/latex/graphics-def/pdftex.def
File: pdftex.def 2020/10/05 v1.2a Graphics/color driver for pdftex
))
\Gin@req@height=\dimen140
\Gin@req@width=\dimen141
)
(/home/jake/.miktex/texmfs/install/tex/latex/l3backend/l3backend-pdftex.def
File: l3backend-pdftex.def 2021-05-07 L3 backend support: PDF output (pdfTeX)
\l__color_backend_stack_int=\count191
\l__pdf_internal_box=\box50
)
(JPCSLaTeXGuidelines.aux

LaTeX Warning: Label `label' multiply defined.


LaTeX Warning: Label `label' multiply defined.

)
\openout1 = `JPCSLaTeXGuidelines.aux'.

LaTeX Font Info:    Checking defaults for OML/cmm/m/it on input line 3.
LaTeX Font Info:    ... okay on input line 3.
LaTeX Font Info:    Checking defaults for OMS/cmsy/m/n on input line 3.
LaTeX Font Info:    ... okay on input line 3.
LaTeX Font Info:    Checking defaults for OT1/cmr/m/n on input line 3.
LaTeX Font Info:    ... okay on input line 3.
LaTeX Font Info:    Checking defaults for T1/cmr/m/n on input line 3.
LaTeX Font Info:    ... okay on input line 3.
LaTeX Font Info:    Checking defaults for TS1/cmr/m/n on input line 3.
LaTeX Font Info:    ... okay on input line 3.
LaTeX Font Info:    Checking defaults for OMX/cmex/m/n on input line 3.
LaTeX Font Info:    ... okay on input line 3.
LaTeX Font Info:    Checking defaults for U/cmr/m/n on input line 3.
LaTeX Font Info:    ... okay on input line 3.
 (/home/jake/.miktex/texmfs/install/tex/context/base/mkii/supp-pdf.mkii
[Loading MPS to PDF converter (version 2006.09.02).]
\scratchcounter=\count192
\scratchdimen=\dimen142
\scratchbox=\box51
\nofMPsegments=\count193
\nofMParguments=\count194
\everyMPshowfont=\toks17
\MPscratchCnt=\count195
\MPscratchDim=\dimen143
\MPnumerator=\count196
\makeMPintoPDFobject=\count197
\everyMPtoPDFconversion=\toks18
) (/home/jake/.miktex/texmfs/install/tex/latex/epstopdf-pkg/epstopdf-base.sty
Package: epstopdf-base 2020-01-24 v2.11 Base part for package epstopdf
Package epstopdf-base Info: Redefining graphics rule for `.eps' on input line 4
85.

(/home/jake/.miktex/texmfs/install/tex/latex/00miktex/epstopdf-sys.cfg
File: epstopdf-sys.cfg 2021/03/18 v2.0 Configuration of epstopdf for MiKTeX
))

LaTeX Font Warning: Font shape `OT1/cmr/m/n' in size <18.06749> not available
(Font)              size <17.28> substituted on input line 4.


LaTeX Font Warning: Font shape `OT1/cmr/bx/n' in size <18.06749> not available
(Font)              size <17.28> substituted on input line 4.

LaTeX Font Info:    Calculating math sizes for size <18.06749> on input line 4.


LaTeX Font Warning: Font shape `OT1/cmr/m/n' in size <12.64719> not available
(Font)              size <12> substituted on input line 4.


LaTeX Font Warning: Font shape `OML/cmm/m/it' in size <18.06749> not available
(Font)              size <17.28> substituted on input line 4.


LaTeX Font Warning: Font shape `OML/cmm/m/it' in size <12.64719> not available
(Font)              size <12> substituted on input line 4.


LaTeX Font Warning: Font shape `OMS/cmsy/m/n' in size <18.06749> not available
(Font)              size <17.28> substituted on input line 4.


LaTeX Font Warning: Font shape `OMS/cmsy/m/n' in size <12.64719> not available
(Font)              size <12> substituted on input line 4.

LaTeX Font Info:    External font `cmex10' loaded for size
(Font)              <18.06749> on input line 4.
LaTeX Font Info:    External font `cmex10' loaded for size
(Font)              <12.64719> on input line 4.
LaTeX Font Info:    External font `cmex10' loaded for size
(Font)              <9.03374> on input line 4.
LaTeX Font Info:    External font `cmex10' loaded for size
(Font)              <9> on input line 16.
LaTeX Font Info:    External font `cmex10' loaded for size
(Font)              <6> on input line 16.
LaTeX Font Info:    External font `cmex10' loaded for size
(Font)              <5> on input line 16.
LaTeX Font Info:    External font `cmex10' loaded for size
(Font)              <10.95> on input line 20.
LaTeX Font Info:    External font `cmex10' loaded for size
(Font)              <8> on input line 20.

LaTeX Warning: Citation `TopQuarkCouplings-searchNewPhysics' on page 1 undefine
d on input line 20.


LaTeX Warning: Citation `top-a-tool-for-disc' on page 1 undefined on input line
 20.


LaTeX Warning: Citation `hierarchy-problem-paper' on page 1 undefined on input 
line 20.


LaTeX Warning: Citation `Burdman_2015' on page 1 undefined on input line 20.


LaTeX Warning: Citation `twz-theory-paper' on page 1 undefined on input line 20
.


Underfull \hbox (badness 10000) in paragraph at lines 20--21

 []

[1

{/home/jake/.miktex/texmfs/data/pdftex/config/pdftex.map}]

LaTeX Warning: Citation `twz_3_lep' on page 2 undefined on input line 32.


LaTeX Warning: Citation `ben-thesis' on page 2 undefined on input line 32.


LaTeX Warning: Reference `sec:combined-results' on page 2 undefined on input li
ne 32.


LaTeX Warning: Citation `Tschida:2020ftz' on page 2 undefined on input line 32.



LaTeX Warning: Reference `fig:twzfourlep_FeymanDiagram' on page 2 undefined on 
input line 35.

<4lep_feynman.png, id=20, 352.31625pt x 438.8897pt>
File: 4lep_feynman.png Graphic file (type png)
<use 4lep_feynman.png>
Package pdftex.def Info: 4lep_feynman.png  used on input line 38.
(pdftex.def)             Requested size: 144.0pt x 179.38339pt.
<3lep_feynman.png, id=21, 374.14781pt x 434.37282pt>
File: 3lep_feynman.png Graphic file (type png)
<use 3lep_feynman.png>
Package pdftex.def Info: 3lep_feynman.png  used on input line 39.
(pdftex.def)             Requested size: 144.0pt x 167.1777pt.
<ttz_feynman.png, id=22, 377.91188pt x 458.46281pt>
File: ttz_feynman.png Graphic file (type png)
<use ttz_feynman.png>
Package pdftex.def Info: ttz_feynman.png  used on input line 40.
(pdftex.def)             Requested size: 144.0pt x 174.69337pt.
! Undefined control sequence.
<argument> ...aces The LO Feynman diagram of \tWZ 
                                                  production in the tetralep...
l.41 ...tion in the tetralepton channel is shown.}
                                                  
The control sequence at the end of the top line
of your error message was never \def'ed. If you have
misspelled it (e.g., `\hobx'), type `I' and the correct
spelling (e.g., `I\hbox'). Otherwise just continue,
and I'll forget about whatever was undefined.


LaTeX Warning: `h' float specifier changed to `ht'.

[2] [3 <./4lep_feynman.png (PNG copy)> <./3lep_feynman.png (PNG copy)> <./ttz_f
eynman.png (PNG copy)>] [4]
LaTeX Font Info:    Font shape `OT1/cmtt/bx/n' in size <10.95> not available
(Font)              Font shape `OT1/cmtt/m/n' tried instead on input line 190.

Underfull \hbox (badness 2698) in paragraph at lines 219--227
\OT1/cmr/m/n/10.95 Numeric reference lists should contain the references within
 an unnumbered section
 []


Underfull \hbox (badness 1845) in paragraph at lines 219--227
\OT1/cmr/m/n/10.95 (such as [][]\OT1/cmtt/m/n/10.95 \section*{References}[]\OT1
/cmr/m/n/10.95 ). The reference list itself is started by the code
 []

[5]
Overfull \hbox (4.65094pt too wide) in paragraph at lines 275--275
[]\OT1/cmtt/m/n/10.95 \item Nakamura S, Senoh M, Nagahama S, Iwase N, Yamada T,
 Matsushita T, Kiyoku H[] 
 []


LaTeX Warning: `h' float specifier changed to `ht'.

[6] [7] [8]

LaTeX Warning: `h' float specifier changed to `ht'.

LaTeX Font Info:    External font `cmex10' loaded for size
(Font)              <17.28> on input line 489.
LaTeX Font Info:    External font `cmex10' loaded for size
(Font)              <12> on input line 489.

LaTeX Warning: `h' float specifier changed to `ht'.

[9]
Package epstopdf Info: Source file: <name.eps>
(epstopdf)                    date: 2016-05-13 10:24:20
(epstopdf)                    size: 273 bytes
(epstopdf)             Output file: <name-eps-converted-to.pdf>
(epstopdf)                    date: 2021-08-23 10:05:55
(epstopdf)                    size: 4890 bytes
(epstopdf)             Command: <miktex-epstopdf --outfile=name-eps-converted-t
o.pdf name.eps>
(epstopdf)             \includegraphics on input line 508.
Package epstopdf Info: Output file is already uptodate.


pdfTeX warning: pdflatex (file ./name-eps-converted-to.pdf): PDF inclusion: fou
nd PDF version <1.7>, but at most version <1.5> allowed
<name-eps-converted-to.pdf, id=53, 146.5475pt x 146.5475pt>
File: name-eps-converted-to.pdf Graphic file (type pdf)
<use name-eps-converted-to.pdf>
Package pdftex.def Info: name-eps-converted-to.pdf  used on input line 508.
(pdftex.def)             Requested size: 168.0pt x 167.99832pt.
Package epstopdf Info: Source file: <name.eps>
(epstopdf)                    date: 2016-05-13 10:24:20
(epstopdf)                    size: 273 bytes
(epstopdf)             Output file: <name-eps-converted-to.pdf>
(epstopdf)                    date: 2021-08-23 10:05:55
(epstopdf)                    size: 4890 bytes
(epstopdf)             Command: <miktex-epstopdf --outfile=name-eps-converted-t
o.pdf name.eps>
(epstopdf)             \includegraphics on input line 512.
Package epstopdf Info: Output file is already uptodate.
File: name-eps-converted-to.pdf Graphic file (type pdf)
<use name-eps-converted-to.pdf>
Package pdftex.def Info: name-eps-converted-to.pdf  used on input line 512.
(pdftex.def)             Requested size: 168.0pt x 167.99832pt.

Underfull \hbox (badness 1371) in paragraph at lines 513--513
[]\OT1/cmr/bx/n/10.95 Figure 3. []\OT1/cmr/m/n/10.95 Figure caption for
 []


LaTeX Warning: `h' float specifier changed to `ht'.

Package epstopdf Info: Source file: <name.eps>
(epstopdf)                    date: 2016-05-13 10:24:20
(epstopdf)                    size: 273 bytes
(epstopdf)             Output file: <name-eps-converted-to.pdf>
(epstopdf)                    date: 2021-08-23 10:05:55
(epstopdf)                    size: 4890 bytes
(epstopdf)             Command: <miktex-epstopdf --outfile=name-eps-converted-t
o.pdf name.eps>
(epstopdf)             \includegraphics on input line 518.
Package epstopdf Info: Output file is already uptodate.
File: name-eps-converted-to.pdf Graphic file (type pdf)
<use name-eps-converted-to.pdf>
Package pdftex.def Info: name-eps-converted-to.pdf  used on input line 518.
(pdftex.def)             Requested size: 168.0pt x 167.99832pt.

LaTeX Warning: `h' float specifier changed to `ht'.

[10] [11 <./name-eps-converted-to.pdf>] (JPCSLaTeXGuidelines.aux)

LaTeX Font Warning: Size substitutions with differences
(Font)              up to 0.78749pt have occurred.


LaTeX Warning: There were undefined references.


LaTeX Warning: There were multiply-defined labels.

 ) 
Here is how much of TeX's memory you used:
 1460 strings out of 478839
 20744 string characters out of 2853269
 333098 words of memory out of 3000000
 19434 multiletter control sequences out of 15000+600000
 411459 words of font info for 54 fonts, out of 8000000 for 9000
 1141 hyphenation exceptions out of 8191
 57i,14n,66p,1593b,431s stack positions out of 5000i,500n,10000p,200000b,80000s
</home/jake/.miktex/texmfs/install/fonts/type1/public/amsfonts/cm/cmbx10.pfb>
</home/jake/.miktex/texmfs/install/fonts/type1/public/amsfonts/cm/cmbx12.pfb></
home/jake/.miktex/texmfs/install/fonts/type1/public/amsfonts/cm/cmbx9.pfb></hom
e/jake/.miktex/texmfs/install/fonts/type1/public/amsfonts/cm/cmcsc10.pfb></home
/jake/.miktex/texmfs/install/fonts/type1/public/amsfonts/cm/cmmi10.pfb></home/j
ake/.miktex/texmfs/install/fonts/type1/public/amsfonts/cm/cmmi12.pfb></home/jak
e/.miktex/texmfs/install/fonts/type1/public/amsfonts/cm/cmmi6.pfb></home/jake/.
miktex/texmfs/install/fonts/type1/public/amsfonts/cm/cmmi9.pfb></home/jake/.mik
tex/texmfs/install/fonts/type1/public/amsfonts/cm/cmr10.pfb></home/jake/.miktex
/texmfs/install/fonts/type1/public/amsfonts/cm/cmr6.pfb></home/jake/.miktex/tex
mfs/install/fonts/type1/public/amsfonts/cm/cmr8.pfb></home/jake/.miktex/texmfs/
install/fonts/type1/public/amsfonts/cm/cmr9.pfb></home/jake/.miktex/texmfs/inst
all/fonts/type1/public/amsfonts/cm/cmsy10.pfb></home/jake/.miktex/texmfs/instal
l/fonts/type1/public/amsfonts/cm/cmsy6.pfb></home/jake/.miktex/texmfs/install/f
onts/type1/public/amsfonts/cm/cmsy8.pfb></home/jake/.miktex/texmfs/install/font
s/type1/public/amsfonts/cm/cmsy9.pfb></home/jake/.miktex/texmfs/install/fonts/t
ype1/public/amsfonts/cm/cmti10.pfb></home/jake/.miktex/texmfs/install/fonts/typ
e1/public/amsfonts/cm/cmti9.pfb></home/jake/.miktex/texmfs/install/fonts/type1/
public/amsfonts/cm/cmtt10.pfb></home/jake/.miktex/texmfs/install/fonts/type1/pu
blic/amsfonts/cm/cmtt9.pfb>
Output written on JPCSLaTeXGuidelines.pdf (11 pages, 366400 bytes).
PDF statistics:
 147 PDF objects out of 1000 (max. 8388607)
 0 named destinations out of 1000 (max. 500000)
 21 words of extra memory for PDF output out of 10000 (max. 10000000)

