This is pdfTeX, Version 3.141592653-2.6-1.40.22 (MiKTeX 21.6) (preloaded format=pdflatex 2021.6.23)  23 AUG 2021 10:15
entering extended mode
**./saip_proc.tex
(saip_proc.tex
LaTeX2e <2021-06-01> patch level 1
L3 programming layer <2021-06-18> (jpconf.cls
Document Class: jpconf 2007/03/07 v1.1 LaTeX class for Journal of Physics: Conf
erence Series
(jpconf11.clo
File: jpconf11.clo 2005/05/04 v1.0 LaTeX2e file (size option)
)
\indentedwidth=\skip47
\mathindent=\dimen138
\c@oldftnote=\count182
\c@section=\count183
\c@subsection=\count184
\c@subsubsection=\count185
\c@paragraph=\count186
\c@subparagraph=\count187
\c@figure=\count188
\c@table=\count189
\abovecaptionskip=\skip48
\belowcaptionskip=\skip49
\bibindent=\dimen139
\c@eqnval=\count190
)
(/home/jake/.miktex/texmfs/install/tex/latex/graphics/graphicx.sty
Package: graphicx 2020/12/05 v1.2c Enhanced LaTeX Graphics (DPC,SPQR)

(/home/jake/.miktex/texmfs/install/tex/latex/graphics/keyval.sty
Package: keyval 2014/10/28 v1.15 key=value parser (DPC)
\KV@toks@=\toks16
)
(/home/jake/.miktex/texmfs/install/tex/latex/graphics/graphics.sty
Package: graphics 2021/03/04 v1.4d Standard LaTeX Graphics (DPC,SPQR)

(/home/jake/.miktex/texmfs/install/tex/latex/graphics/trig.sty
Package: trig 2016/01/03 v1.10 sin cos tan (DPC)
)
(/home/jake/.miktex/texmfs/install/tex/latex/graphics-cfg/graphics.cfg
File: graphics.cfg 2016/06/04 v1.11 sample graphics configuration
)
Package graphics Info: Driver file: pdftex.def on input line 107.

(/home/jake/.miktex/texmfs/install/tex/latex/graphics-def/pdftex.def
File: pdftex.def 2020/10/05 v1.2a Graphics/color driver for pdftex
))
\Gin@req@height=\dimen140
\Gin@req@width=\dimen141
)
(/home/jake/.miktex/texmfs/install/tex/latex/l3backend/l3backend-pdftex.def
File: l3backend-pdftex.def 2021-05-07 L3 backend support: PDF output (pdfTeX)
\l__color_backend_stack_int=\count191
\l__pdf_internal_box=\box50
)
(saip_proc.aux)
\openout1 = `saip_proc.aux'.

LaTeX Font Info:    Checking defaults for OML/cmm/m/it on input line 3.
LaTeX Font Info:    ... okay on input line 3.
LaTeX Font Info:    Checking defaults for OMS/cmsy/m/n on input line 3.
LaTeX Font Info:    ... okay on input line 3.
LaTeX Font Info:    Checking defaults for OT1/cmr/m/n on input line 3.
LaTeX Font Info:    ... okay on input line 3.
LaTeX Font Info:    Checking defaults for T1/cmr/m/n on input line 3.
LaTeX Font Info:    ... okay on input line 3.
LaTeX Font Info:    Checking defaults for TS1/cmr/m/n on input line 3.
LaTeX Font Info:    ... okay on input line 3.
LaTeX Font Info:    Checking defaults for OMX/cmex/m/n on input line 3.
LaTeX Font Info:    ... okay on input line 3.
LaTeX Font Info:    Checking defaults for U/cmr/m/n on input line 3.
LaTeX Font Info:    ... okay on input line 3.

(/home/jake/.miktex/texmfs/install/tex/context/base/mkii/supp-pdf.mkii
[Loading MPS to PDF converter (version 2006.09.02).]
\scratchcounter=\count192
\scratchdimen=\dimen142
\scratchbox=\box51
\nofMPsegments=\count193
\nofMParguments=\count194
\everyMPshowfont=\toks17
\MPscratchCnt=\count195
\MPscratchDim=\dimen143
\MPnumerator=\count196
\makeMPintoPDFobject=\count197
\everyMPtoPDFconversion=\toks18
) (/home/jake/.miktex/texmfs/install/tex/latex/epstopdf-pkg/epstopdf-base.sty
Package: epstopdf-base 2020-01-24 v2.11 Base part for package epstopdf
Package epstopdf-base Info: Redefining graphics rule for `.eps' on input line 4
85.

(/home/jake/.miktex/texmfs/install/tex/latex/00miktex/epstopdf-sys.cfg
File: epstopdf-sys.cfg 2021/03/18 v2.0 Configuration of epstopdf for MiKTeX
))

LaTeX Font Warning: Font shape `OT1/cmr/m/n' in size <18.06749> not available
(Font)              size <17.28> substituted on input line 4.


LaTeX Font Warning: Font shape `OT1/cmr/bx/n' in size <18.06749> not available
(Font)              size <17.28> substituted on input line 4.

LaTeX Font Info:    Calculating math sizes for size <18.06749> on input line 4.


LaTeX Font Warning: Font shape `OT1/cmr/m/n' in size <12.64719> not available
(Font)              size <12> substituted on input line 4.


LaTeX Font Warning: Font shape `OML/cmm/m/it' in size <18.06749> not available
(Font)              size <17.28> substituted on input line 4.


LaTeX Font Warning: Font shape `OML/cmm/m/it' in size <12.64719> not available
(Font)              size <12> substituted on input line 4.


LaTeX Font Warning: Font shape `OMS/cmsy/m/n' in size <18.06749> not available
(Font)              size <17.28> substituted on input line 4.


LaTeX Font Warning: Font shape `OMS/cmsy/m/n' in size <12.64719> not available
(Font)              size <12> substituted on input line 4.

LaTeX Font Info:    External font `cmex10' loaded for size
(Font)              <18.06749> on input line 4.
LaTeX Font Info:    External font `cmex10' loaded for size
(Font)              <12.64719> on input line 4.
LaTeX Font Info:    External font `cmex10' loaded for size
(Font)              <9.03374> on input line 4.
LaTeX Font Info:    External font `cmex10' loaded for size
(Font)              <9> on input line 16.
LaTeX Font Info:    External font `cmex10' loaded for size
(Font)              <6> on input line 16.
LaTeX Font Info:    External font `cmex10' loaded for size
(Font)              <5> on input line 16.
LaTeX Font Info:    External font `cmex10' loaded for size
(Font)              <10.95> on input line 20.
LaTeX Font Info:    External font `cmex10' loaded for size
(Font)              <8> on input line 20.
[1

{/home/jake/.miktex/texmfs/data/pdftex/config/pdftex.map}] (saip_proc.aux)

LaTeX Font Warning: Size substitutions with differences
(Font)              up to 0.78749pt have occurred.

 ) 
Here is how much of TeX's memory you used:
 1409 strings out of 478839
 19759 string characters out of 2853269
 324966 words of memory out of 3000000
 19389 multiletter control sequences out of 15000+600000
 410857 words of font info for 52 fonts, out of 8000000 for 9000
 1141 hyphenation exceptions out of 8191
 57i,5n,66p,1206b,209s stack positions out of 5000i,500n,10000p,200000b,80000s
</home/jake/.miktex/texmfs/install/fonts/type1/public/amsfonts/cm/cmbx10.pfb>
</home/jake/.miktex/texmfs/install/fonts/type1/public/amsfonts/cm/cmbx12.pfb></
home/jake/.miktex/texmfs/install/fonts/type1/public/amsfonts/cm/cmbx9.pfb></hom
e/jake/.miktex/texmfs/install/fonts/type1/public/amsfonts/cm/cmmi10.pfb></home/
jake/.miktex/texmfs/install/fonts/type1/public/amsfonts/cm/cmmi12.pfb></home/ja
ke/.miktex/texmfs/install/fonts/type1/public/amsfonts/cm/cmmi9.pfb></home/jake/
.miktex/texmfs/install/fonts/type1/public/amsfonts/cm/cmr10.pfb></home/jake/.mi
ktex/texmfs/install/fonts/type1/public/amsfonts/cm/cmr6.pfb></home/jake/.miktex
/texmfs/install/fonts/type1/public/amsfonts/cm/cmr8.pfb></home/jake/.miktex/tex
mfs/install/fonts/type1/public/amsfonts/cm/cmr9.pfb></home/jake/.miktex/texmfs/
install/fonts/type1/public/amsfonts/cm/cmti10.pfb></home/jake/.miktex/texmfs/in
stall/fonts/type1/public/amsfonts/cm/cmti9.pfb></home/jake/.miktex/texmfs/insta
ll/fonts/type1/public/amsfonts/cm/cmtt10.pfb></home/jake/.miktex/texmfs/install
/fonts/type1/public/amsfonts/cm/cmtt9.pfb>
Output written on saip_proc.pdf (1 page, 172573 bytes).
PDF statistics:
 76 PDF objects out of 1000 (max. 8388607)
 0 named destinations out of 1000 (max. 500000)
 1 words of extra memory for PDF output out of 10000 (max. 10000000)

